[~/projects/vagrant-centos7-cockroachdb] # vagrant up
Bringing machine 'default' up with 'virtualbox' provider...
==> default: Importing base box 'https://cloud.centos.org/centos/7/vagrant/x86_64/images/CentOS-7-x86_64-Vagrant-1804_02.VirtualBox.box'...
==> default: Matching MAC address for NAT networking...
==> default: Setting the name of the VM: vagrant-centos7-cockroachdb_default_1618602234014_83235
==> default: Fixed port collision for 22 => 2222. Now on port 2200.
==> default: Clearing any previously set network interfaces...
==> default: Preparing network interfaces based on configuration...
    default: Adapter 1: nat
==> default: Forwarding ports...
    default: 8081 (guest) => 8081 (host) (adapter 1)
    default: 22 (guest) => 2200 (host) (adapter 1)
==> default: Running 'pre-boot' VM customizations...
==> default: Booting VM...
==> default: Waiting for machine to boot. This may take a few minutes...
    default: SSH address: 127.0.0.1:2200
    default: SSH username: vagrant
    default: SSH auth method: private key
    default: 
    default: Vagrant insecure key detected. Vagrant will automatically replace
    default: this with a newly generated keypair for better security.
    default: 
    default: Inserting generated public key within guest...
    default: Removing insecure key from the guest if it's present...
    default: Key inserted! Disconnecting and reconnecting using new SSH key...
==> default: Machine booted and ready!
==> default: Checking for guest additions in VM...
    default: No guest additions were detected on the base box for this VM! Guest
    default: additions are required for forwarded ports, shared folders, host only
    default: networking, and more. If SSH fails on this machine, please install
    default: the guest additions and repackage the box to continue.
    default: 
    default: This is not an error message; everything may continue to work properly,
    default: in which case you may ignore this message.
==> default: Setting hostname...
==> default: Rsyncing folder: /home/dpitts/projects/vagrant-centos7-cockroachdb/ => /vagrant
==> default: Running provisioner: shell...
    default: Running: /tmp/vagrant-shell20210416-13800-11qgtil.sh
    default: ADD EXTRA ALIAS VIA .bashrc
    default: Loaded plugins: fastestmirror
    default: Determining fastest mirrors
    default:  * base: mirror.proserve.nl
    default:  * extras: mirror.proserve.nl
    default:  * updates: mirror.sitbv.nl
    default: Resolving Dependencies
    default: --> Running transaction check
    default: ---> Package git.x86_64 0:1.8.3.1-23.el7_8 will be installed
    default: --> Processing Dependency: perl-Git = 1.8.3.1-23.el7_8 for package: git-1.8.3.1-23.el7_8.x86_64
    default: --> Processing Dependency: perl >= 5.008 for package: git-1.8.3.1-23.el7_8.x86_64
    default: --> Processing Dependency: perl(warnings) for package: git-1.8.3.1-23.el7_8.x86_64
    default: --> Processing Dependency: perl(vars) for package: git-1.8.3.1-23.el7_8.x86_64
    default: --> Processing Dependency: perl(strict) for package: git-1.8.3.1-23.el7_8.x86_64
    default: --> Processing Dependency: perl(lib) for package: git-1.8.3.1-23.el7_8.x86_64
    default: --> Processing Dependency: perl(Term::ReadKey) for package: git-1.8.3.1-23.el7_8.x86_64
    default: --> Processing Dependency: perl(Git) for package: git-1.8.3.1-23.el7_8.x86_64
    default: --> Processing Dependency: perl(Getopt::Long) for package: git-1.8.3.1-23.el7_8.x86_64
    default: --> Processing Dependency: perl(File::stat) for package: git-1.8.3.1-23.el7_8.x86_64
    default: --> Processing Dependency: perl(File::Temp) for package: git-1.8.3.1-23.el7_8.x86_64
    default: --> Processing Dependency: perl(File::Spec) for package: git-1.8.3.1-23.el7_8.x86_64
    default: --> Processing Dependency: perl(File::Path) for package: git-1.8.3.1-23.el7_8.x86_64
    default: --> Processing Dependency: perl(File::Find) for package: git-1.8.3.1-23.el7_8.x86_64
    default: --> Processing Dependency: perl(File::Copy) for package: git-1.8.3.1-23.el7_8.x86_64
    default: --> Processing Dependency: perl(File::Basename) for package: git-1.8.3.1-23.el7_8.x86_64
    default: --> Processing Dependency: perl(Exporter) for package: git-1.8.3.1-23.el7_8.x86_64
    default: --> Processing Dependency: perl(Error) for package: git-1.8.3.1-23.el7_8.x86_64
    default: --> Processing Dependency: /usr/bin/perl for package: git-1.8.3.1-23.el7_8.x86_64
    default: --> Running transaction check
    default: ---> Package perl.x86_64 4:5.16.3-299.el7_9 will be installed
    default: --> Processing Dependency: perl-libs = 4:5.16.3-299.el7_9 for package: 4:perl-5.16.3-299.el7_9.x86_64
    default: --> Processing Dependency: perl(Socket) >= 1.3 for package: 4:perl-5.16.3-299.el7_9.x86_64
    default: --> Processing Dependency: perl(Scalar::Util) >= 1.10 for package: 4:perl-5.16.3-299.el7_9.x86_64
    default: --> Processing Dependency: perl-macros for package: 4:perl-5.16.3-299.el7_9.x86_64
    default: --> Processing Dependency: perl-libs for package: 4:perl-5.16.3-299.el7_9.x86_64
    default: --> Processing Dependency: perl(threads::shared) for package: 4:perl-5.16.3-299.el7_9.x86_64
    default: --> Processing Dependency: perl(threads) for package: 4:perl-5.16.3-299.el7_9.x86_64
    default: --> Processing Dependency: perl(constant) for package: 4:perl-5.16.3-299.el7_9.x86_64
    default: --> Processing Dependency: perl(Time::Local) for package: 4:perl-5.16.3-299.el7_9.x86_64
    default: --> Processing Dependency: perl(Time::HiRes) for package: 4:perl-5.16.3-299.el7_9.x86_64
    default: --> Processing Dependency: perl(Storable) for package: 4:perl-5.16.3-299.el7_9.x86_64
    default: --> Processing Dependency: perl(Socket) for package: 4:perl-5.16.3-299.el7_9.x86_64
    default: --> Processing Dependency: perl(Scalar::Util) for package: 4:perl-5.16.3-299.el7_9.x86_64
    default: --> Processing Dependency: perl(Pod::Simple::XHTML) for package: 4:perl-5.16.3-299.el7_9.x86_64
    default: --> Processing Dependency: perl(Pod::Simple::Search) for package: 4:perl-5.16.3-299.el7_9.x86_64
    default: --> Processing Dependency: perl(Filter::Util::Call) for package: 4:perl-5.16.3-299.el7_9.x86_64
    default: --> Processing Dependency: perl(Carp) for package: 4:perl-5.16.3-299.el7_9.x86_64
    default: --> Processing Dependency: libperl.so()(64bit) for package: 4:perl-5.16.3-299.el7_9.x86_64
    default: ---> Package perl-Error.noarch 1:0.17020-2.el7 will be installed
    default: ---> Package perl-Exporter.noarch 0:5.68-3.el7 will be installed
    default: ---> Package perl-File-Path.noarch 0:2.09-2.el7 will be installed
    default: ---> Package perl-File-Temp.noarch 0:0.23.01-3.el7 will be installed
    default: ---> Package perl-Getopt-Long.noarch 0:2.40-3.el7 will be installed
    default: --> Processing Dependency: perl(Pod::Usage) >= 1.14 for package: perl-Getopt-Long-2.40-3.el7.noarch
    default: --> Processing Dependency: perl(Text::ParseWords) for package: perl-Getopt-Long-2.40-3.el7.noarch
    default: ---> Package perl-Git.noarch 0:1.8.3.1-23.el7_8 will be installed
    default: ---> Package perl-PathTools.x86_64 0:3.40-5.el7 will be installed
    default: ---> Package perl-TermReadKey.x86_64 0:2.30-20.el7 will be installed
    default: --> Running transaction check
    default: ---> Package perl-Carp.noarch 0:1.26-244.el7 will be installed
    default: ---> Package perl-Filter.x86_64 0:1.49-3.el7 will be installed
    default: ---> Package perl-Pod-Simple.noarch 1:3.28-4.el7 will be installed
    default: --> Processing Dependency: perl(Pod::Escapes) >= 1.04 for package: 1:perl-Pod-Simple-3.28-4.el7.noarch
    default: --> Processing Dependency: perl(Encode) for package: 1:perl-Pod-Simple-3.28-4.el7.noarch
    default: ---> Package perl-Pod-Usage.noarch 0:1.63-3.el7 will be installed
    default: --> Processing Dependency: perl(Pod::Text) >= 3.15 for package: perl-Pod-Usage-1.63-3.el7.noarch
    default: --> Processing Dependency: perl-Pod-Perldoc for package: perl-Pod-Usage-1.63-3.el7.noarch
    default: ---> Package perl-Scalar-List-Utils.x86_64 0:1.27-248.el7 will be installed
    default: ---> Package perl-Socket.x86_64 0:2.010-5.el7 will be installed
    default: ---> Package perl-Storable.x86_64 0:2.45-3.el7 will be installed
    default: ---> Package perl-Text-ParseWords.noarch 0:3.29-4.el7 will be installed
    default: ---> Package perl-Time-HiRes.x86_64 4:1.9725-3.el7 will be installed
    default: ---> Package perl-Time-Local.noarch 0:1.2300-2.el7 will be installed
    default: ---> Package perl-constant.noarch 0:1.27-2.el7 will be installed
    default: ---> Package perl-libs.x86_64 4:5.16.3-299.el7_9 will be installed
    default: ---> Package perl-macros.x86_64 4:5.16.3-299.el7_9 will be installed
    default: ---> Package perl-threads.x86_64 0:1.87-4.el7 will be installed
    default: ---> Package perl-threads-shared.x86_64 0:1.43-6.el7 will be installed
    default: --> Running transaction check
    default: ---> Package perl-Encode.x86_64 0:2.51-7.el7 will be installed
    default: ---> Package perl-Pod-Escapes.noarch 1:1.04-299.el7_9 will be installed
    default: ---> Package perl-Pod-Perldoc.noarch 0:3.20-4.el7 will be installed
    default: --> Processing Dependency: perl(parent) for package: perl-Pod-Perldoc-3.20-4.el7.noarch
    default: --> Processing Dependency: perl(HTTP::Tiny) for package: perl-Pod-Perldoc-3.20-4.el7.noarch
    default: ---> Package perl-podlators.noarch 0:2.5.1-3.el7 will be installed
    default: --> Running transaction check
    default: ---> Package perl-HTTP-Tiny.noarch 0:0.033-3.el7 will be installed
    default: ---> Package perl-parent.noarch 1:0.225-244.el7 will be installed
    default: --> Finished Dependency Resolution
    default: 
    default: Dependencies Resolved
    default: 
    default: ================================================================================
    default:  Package                    Arch       Version                Repository   Size
    default: ================================================================================
    default: Installing:
    default:  git                        x86_64     1.8.3.1-23.el7_8       base        4.4 M
    default: Installing for dependencies:
    default:  perl                       x86_64     4:5.16.3-299.el7_9     updates     8.0 M
    default:  perl-Carp                  noarch     1.26-244.el7           base         19 k
    default:  perl-Encode                x86_64     2.51-7.el7             base        1.5 M
    default:  perl-Error                 noarch     1:0.17020-2.el7        base         32 k
    default:  perl-Exporter              noarch     5.68-3.el7             base         28 k
    default:  perl-File-Path             noarch     2.09-2.el7             base         26 k
    default:  perl-File-Temp             noarch     0.23.01-3.el7          base         56 k
    default:  perl-Filter                x86_64     1.49-3.el7             base         76 k
    default:  perl-Getopt-Long           noarch     2.40-3.el7             base         56 k
    default:  perl-Git                   noarch     1.8.3.1-23.el7_8       base         56 k
    default:  perl-HTTP-Tiny             noarch     0.033-3.el7            base         38 k
    default:  perl-PathTools             x86_64     3.40-5.el7             base         82 k
    default:  perl-Pod-Escapes           noarch     1:1.04-299.el7_9       updates      52 k
    default:  perl-Pod-Perldoc           noarch     3.20-4.el7             base         87 k
    default:  perl-Pod-Simple            noarch     1:3.28-4.el7           base        216 k
    default:  perl-Pod-Usage             noarch     1.63-3.el7             base         27 k
    default:  perl-Scalar-List-Utils     x86_64     1.27-248.el7           base         36 k
    default:  perl-Socket                x86_64     2.010-5.el7            base         49 k
    default:  perl-Storable              x86_64     2.45-3.el7             base         77 k
    default:  perl-TermReadKey           x86_64     2.30-20.el7            base         31 k
    default:  perl-Text-ParseWords       noarch     3.29-4.el7             base         14 k
    default:  perl-Time-HiRes            x86_64     4:1.9725-3.el7         base         45 k
    default:  perl-Time-Local            noarch     1.2300-2.el7           base         24 k
    default:  perl-constant              noarch     1.27-2.el7             base         19 k
    default:  perl-libs                  x86_64     4:5.16.3-299.el7_9     updates     690 k
    default:  perl-macros                x86_64     4:5.16.3-299.el7_9     updates      44 k
    default:  perl-parent                noarch     1:0.225-244.el7        base         12 k
    default:  perl-podlators             noarch     2.5.1-3.el7            base        112 k
    default:  perl-threads               x86_64     1.87-4.el7             base         49 k
    default:  perl-threads-shared        x86_64     1.43-6.el7             base         39 k
    default: 
    default: Transaction Summary
    default: ================================================================================
    default: Install  1 Package (+30 Dependent packages)
    default: Total download size: 16 M
    default: Installed size: 59 M
    default: Downloading packages:
    default: Public key for perl-Carp-1.26-244.el7.noarch.rpm is not installed
    default: warning: /var/cache/yum/x86_64/7/base/packages/perl-Carp-1.26-244.el7.noarch.rpm: Header V3 RSA/SHA256 Signature, key ID f4a80eb5: NOKEY
    default: Public key for perl-Pod-Escapes-1.04-299.el7_9.noarch.rpm is not installed
    default: --------------------------------------------------------------------------------
    default: Total                                              1.9 MB/s |  16 MB  00:08     
    default: Retrieving key from file:///etc/pki/rpm-gpg/RPM-GPG-KEY-CentOS-7
    default: Importing GPG key 0xF4A80EB5:
    default:  Userid     : "CentOS-7 Key (CentOS 7 Official Signing Key) <security@centos.org>"
    default:  Fingerprint: 6341 ab27 53d7 8a78 a7c2 7bb1 24c6 a8a7 f4a8 0eb5
    default:  Package    : centos-release-7-5.1804.el7.centos.x86_64 (@anaconda)
    default:  From       : /etc/pki/rpm-gpg/RPM-GPG-KEY-CentOS-7
    default: Running transaction check
    default: Running transaction test
    default: Transaction test succeeded
    default: Running transaction
    default:   Installing : 1:perl-parent-0.225-244.el7.noarch                          1/31
    default:  
    default:   Installing : perl-HTTP-Tiny-0.033-3.el7.noarch                           2/31
    default:  
    default:   Installing : perl-podlators-2.5.1-3.el7.noarch                           3/31
    default:  
    default:   Installing : perl-Pod-Perldoc-3.20-4.el7.noarch                          4/31
    default:  
    default:   Installing : 1:perl-Pod-Escapes-1.04-299.el7_9.noarch                    5/31
    default:  
    default:   Installing : perl-Encode-2.51-7.el7.x86_64                               6/31
    default:  
    default:   Installing : perl-Text-ParseWords-3.29-4.el7.noarch                      7/31
    default:  
    default:   Installing : perl-Pod-Usage-1.63-3.el7.noarch                            8/31
    default:  
    default:   Installing : 4:perl-macros-5.16.3-299.el7_9.x86_64                       9/31
    default:  
    default:   Installing : perl-Storable-2.45-3.el7.x86_64                            10/31
    default:  
    default:   Installing : perl-Exporter-5.68-3.el7.noarch                            11/31
    default:  
    default:   Installing : perl-constant-1.27-2.el7.noarch                            12/31
    default:  
    default:   Installing : perl-Socket-2.010-5.el7.x86_64                             13/31
    default:  
    default:   Installing : perl-Time-Local-1.2300-2.el7.noarch                        14/31
    default:  
    default:   Installing : perl-Carp-1.26-244.el7.noarch                              15/31
    default:  
    default:   Installing : 4:perl-Time-HiRes-1.9725-3.el7.x86_64                      16/31
    default:  
    default:   Installing : perl-PathTools-3.40-5.el7.x86_64                           17/31
    default:  
    default:   Installing : perl-Scalar-List-Utils-1.27-248.el7.x86_64                 18/31
    default:  
    default:   Installing : 1:perl-Pod-Simple-3.28-4.el7.noarch                        19/31
    default:  
    default:   Installing : perl-File-Temp-0.23.01-3.el7.noarch                        20/31
    default:  
    default:   Installing : perl-File-Path-2.09-2.el7.noarch                           21/31
    default:  
    default:   Installing : perl-threads-shared-1.43-6.el7.x86_64                      22/31
    default:  
    default:   Installing : perl-threads-1.87-4.el7.x86_64                             23/31
    default:  
    default:   Installing : perl-Filter-1.49-3.el7.x86_64                              24/31
    default:  
    default:   Installing : 4:perl-libs-5.16.3-299.el7_9.x86_64                        25/31
    default:  
    default:   Installing : perl-Getopt-Long-2.40-3.el7.noarch                         26/31
    default:  
    default:   Installing : 4:perl-5.16.3-299.el7_9.x86_64                             27/31
    default:  
    default:   Installing : 1:perl-Error-0.17020-2.el7.noarch                          28/31
    default:  
    default:   Installing : perl-TermReadKey-2.30-20.el7.x86_64                        29/31
    default:  
    default:   Installing : perl-Git-1.8.3.1-23.el7_8.noarch                           30/31
    default:  
    default:   Installing : git-1.8.3.1-23.el7_8.x86_64                                31/31
    default:  
    default:   Verifying  : perl-HTTP-Tiny-0.033-3.el7.noarch                           1/31
    default:  
    default:   Verifying  : perl-threads-shared-1.43-6.el7.x86_64                       2/31
    default:  
    default:   Verifying  : perl-Storable-2.45-3.el7.x86_64                             3/31
    default:  
    default:   Verifying  : perl-Exporter-5.68-3.el7.noarch                             4/31
    default:  
    default:   Verifying  : perl-constant-1.27-2.el7.noarch                             5/31
    default:  
    default:   Verifying  : perl-PathTools-3.40-5.el7.x86_64                            6/31
    default:  
    default:   Verifying  : 4:perl-macros-5.16.3-299.el7_9.x86_64                       7/31
    default:  
    default:   Verifying  : git-1.8.3.1-23.el7_8.x86_64                                 8/31
    default:  
    default:   Verifying  : 1:perl-parent-0.225-244.el7.noarch                          9/31
    default:  
    default:   Verifying  : perl-Socket-2.010-5.el7.x86_64                             10/31
    default:  
    default:   Verifying  : perl-TermReadKey-2.30-20.el7.x86_64                        11/31
    default:  
    default:   Verifying  : perl-File-Temp-0.23.01-3.el7.noarch                        12/31
    default:  
    default:   Verifying  : 1:perl-Pod-Simple-3.28-4.el7.noarch                        13/31
    default:  
    default:   Verifying  : perl-Time-Local-1.2300-2.el7.noarch                        14/31
    default:  
    default:   Verifying  : 1:perl-Pod-Escapes-1.04-299.el7_9.noarch                   15/31
    default:  
    default:   Verifying  : perl-Git-1.8.3.1-23.el7_8.noarch                           16/31
    default:  
    default:   Verifying  : perl-Carp-1.26-244.el7.noarch                              17/31
    default:  
    default:   Verifying  : 1:perl-Error-0.17020-2.el7.noarch                          18/31
    default:  
    default:   Verifying  : 4:perl-Time-HiRes-1.9725-3.el7.x86_64                      19/31
    default:  
    default:   Verifying  : perl-Scalar-List-Utils-1.27-248.el7.x86_64                 20/31
    default:  
    default:   Verifying  : perl-Pod-Usage-1.63-3.el7.noarch                           21/31
    default:  
    default:   Verifying  : perl-Encode-2.51-7.el7.x86_64                              22/31
    default:  
    default:   Verifying  : perl-Pod-Perldoc-3.20-4.el7.noarch                         23/31
    default:  
    default:   Verifying  : perl-podlators-2.5.1-3.el7.noarch                          24/31
    default:  
    default:   Verifying  : 4:perl-5.16.3-299.el7_9.x86_64                             25/31
    default:  
    default:   Verifying  : perl-File-Path-2.09-2.el7.noarch                           26/31
    default:  
    default:   Verifying  : perl-threads-1.87-4.el7.x86_64                             27/31
    default:  
    default:   Verifying  : perl-Filter-1.49-3.el7.x86_64                              28/31
    default:  
    default:   Verifying  : perl-Getopt-Long-2.40-3.el7.noarch                         29/31
    default:  
    default:   Verifying  : perl-Text-ParseWords-3.29-4.el7.noarch                     30/31
    default:  
    default:   Verifying  : 4:perl-libs-5.16.3-299.el7_9.x86_64                        31/31
    default:  
    default: 
    default: Installed:
    default:   git.x86_64 0:1.8.3.1-23.el7_8                                                 
    default: 
    default: Dependency Installed:
    default:   perl.x86_64 4:5.16.3-299.el7_9                                                
    default:   perl-Carp.noarch 0:1.26-244.el7                                               
    default:   perl-Encode.x86_64 0:2.51-7.el7                                               
    default:   perl-Error.noarch 1:0.17020-2.el7                                             
    default:   perl-Exporter.noarch 0:5.68-3.el7                                             
    default:   perl-File-Path.noarch 0:2.09-2.el7                                            
    default:   perl-File-Temp.noarch 0:0.23.01-3.el7                                         
    default:   perl-Filter.x86_64 0:1.49-3.el7                                               
    default:   perl-Getopt-Long.noarch 0:2.40-3.el7                                          
    default:   perl-Git.noarch 0:1.8.3.1-23.el7_8                                            
    default:   perl-HTTP-Tiny.noarch 0:0.033-3.el7                                           
    default:   perl-PathTools.x86_64 0:3.40-5.el7                                            
    default:   perl-Pod-Escapes.noarch 1:1.04-299.el7_9                                      
    default:   perl-Pod-Perldoc.noarch 0:3.20-4.el7                                          
    default:   perl-Pod-Simple.noarch 1:3.28-4.el7                                           
    default:   perl-Pod-Usage.noarch 0:1.63-3.el7                                            
    default:   perl-Scalar-List-Utils.x86_64 0:1.27-248.el7                                  
    default:   perl-Socket.x86_64 0:2.010-5.el7                                              
    default:   perl-Storable.x86_64 0:2.45-3.el7                                             
    default:   perl-TermReadKey.x86_64 0:2.30-20.el7                                         
    default:   perl-Text-ParseWords.noarch 0:3.29-4.el7                                      
    default:   perl-Time-HiRes.x86_64 4:1.9725-3.el7                                         
    default:   perl-Time-Local.noarch 0:1.2300-2.el7                                         
    default:   perl-constant.noarch 0:1.27-2.el7                                             
    default:   perl-libs.x86_64 4:5.16.3-299.el7_9                                           
    default:   perl-macros.x86_64 4:5.16.3-299.el7_9                                         
    default:   perl-parent.noarch 1:0.225-244.el7                                            
    default:   perl-podlators.noarch 0:2.5.1-3.el7                                           
    default:   perl-threads.x86_64 0:1.87-4.el7                                              
    default:   perl-threads-shared.x86_64 0:1.43-6.el7                                       
    default: 
    default: Complete!
    default: Loaded plugins: fastestmirror
    default: Loading mirror speeds from cached hostfile
    default:  * base: mirror.proserve.nl
    default:  * extras: mirror.proserve.nl
    default:  * updates: mirror.sitbv.nl
    default: Resolving Dependencies
    default: --> Running transaction check
    default: ---> Package tree.x86_64 0:1.6.0-10.el7 will be installed
    default: --> Finished Dependency Resolution
    default: 
    default: Dependencies Resolved
    default: 
    default: ================================================================================
    default:  Package        Arch             Version                   Repository      Size
    default: ================================================================================
    default: Installing:
    default:  tree           x86_64           1.6.0-10.el7              base            46 k
    default: 
    default: Transaction Summary
    default: ================================================================================
    default: Install  1 Package
    default: Total download size: 46 k
    default: Installed size: 87 k
    default: Downloading packages:
    default: Running transaction check
    default: Running transaction test
    default: Transaction test succeeded
    default: Running transaction
    default:   Installing : tree-1.6.0-10.el7.x86_64                                     1/1
    default:  
    default:   Verifying  : tree-1.6.0-10.el7.x86_64                                     1/1
    default:  
    default: 
    default: Installed:
    default:   tree.x86_64 0:1.6.0-10.el7                                                    
    default: 
    default: Complete!
    default: Loaded plugins: fastestmirror
    default: Loading mirror speeds from cached hostfile
    default:  * base: mirror.proserve.nl
    default:  * extras: mirror.proserve.nl
    default:  * updates: mirror.sitbv.nl
    default: Resolving Dependencies
    default: --> Running transaction check
    default: ---> Package curl.x86_64 0:7.29.0-46.el7 will be updated
    default: ---> Package curl.x86_64 0:7.29.0-59.el7_9.1 will be an update
    default: --> Processing Dependency: libcurl = 7.29.0-59.el7_9.1 for package: curl-7.29.0-59.el7_9.1.x86_64
    default: ---> Package lsof.x86_64 0:4.87-6.el7 will be installed
    default: ---> Package unzip.x86_64 0:6.0-21.el7 will be installed
    default: ---> Package wget.x86_64 0:1.14-18.el7_6.1 will be installed
    default: --> Running transaction check
    default: ---> Package libcurl.x86_64 0:7.29.0-46.el7 will be updated
    default: ---> Package libcurl.x86_64 0:7.29.0-59.el7_9.1 will be an update
    default: --> Processing Dependency: nss-pem(x86-64) >= 1.0.3-5 for package: libcurl-7.29.0-59.el7_9.1.x86_64
    default: --> Processing Dependency: libssh2(x86-64) >= 1.8.0 for package: libcurl-7.29.0-59.el7_9.1.x86_64
    default: --> Running transaction check
    default: ---> Package libssh2.x86_64 0:1.4.3-10.el7_2.1 will be updated
    default: ---> Package libssh2.x86_64 0:1.8.0-4.el7 will be an update
    default: ---> Package nss-pem.x86_64 0:1.0.3-4.el7 will be updated
    default: ---> Package nss-pem.x86_64 0:1.0.3-7.el7 will be an update
    default: --> Processing Dependency: nss(x86-64) >= 3.36.0 for package: nss-pem-1.0.3-7.el7.x86_64
    default: --> Running transaction check
    default: ---> Package nss.x86_64 0:3.34.0-4.el7 will be updated
    default: --> Processing Dependency: nss = 3.34.0-4.el7 for package: nss-sysinit-3.34.0-4.el7.x86_64
    default: --> Processing Dependency: nss(x86-64) = 3.34.0-4.el7 for package: nss-tools-3.34.0-4.el7.x86_64
    default: ---> Package nss.x86_64 0:3.53.1-3.el7_9 will be an update
    default: --> Processing Dependency: nss-util >= 3.53.1-1 for package: nss-3.53.1-3.el7_9.x86_64
    default: --> Processing Dependency: nss-softokn(x86-64) >= 3.53.1-2 for package: nss-3.53.1-3.el7_9.x86_64
    default: --> Processing Dependency: nspr >= 4.25.0 for package: nss-3.53.1-3.el7_9.x86_64
    default: --> Processing Dependency: libnssutil3.so(NSSUTIL_3.39)(64bit) for package: nss-3.53.1-3.el7_9.x86_64
    default: --> Processing Dependency: libnssutil3.so(NSSUTIL_3.38)(64bit) for package: nss-3.53.1-3.el7_9.x86_64
    default: --> Running transaction check
    default: ---> Package nspr.x86_64 0:4.17.0-1.el7 will be updated
    default: ---> Package nspr.x86_64 0:4.25.0-2.el7_9 will be an update
    default: ---> Package nss-softokn.x86_64 0:3.34.0-2.el7 will be updated
    default: ---> Package nss-softokn.x86_64 0:3.53.1-6.el7_9 will be an update
    default: --> Processing Dependency: nss-softokn-freebl(x86-64) >= 3.53.1-6.el7_9 for package: nss-softokn-3.53.1-6.el7_9.x86_64
    default: ---> Package nss-sysinit.x86_64 0:3.34.0-4.el7 will be updated
    default: ---> Package nss-sysinit.x86_64 0:3.53.1-3.el7_9 will be an update
    default: ---> Package nss-tools.x86_64 0:3.34.0-4.el7 will be updated
    default: ---> Package nss-tools.x86_64 0:3.53.1-3.el7_9 will be an update
    default: ---> Package nss-util.x86_64 0:3.34.0-2.el7 will be updated
    default: ---> Package nss-util.x86_64 0:3.53.1-1.el7_9 will be an update
    default: --> Running transaction check
    default: ---> Package nss-softokn-freebl.x86_64 0:3.34.0-2.el7 will be updated
    default: ---> Package nss-softokn-freebl.x86_64 0:3.53.1-6.el7_9 will be an update
    default: --> Finished Dependency Resolution
    default: 
    default: Dependencies Resolved
    default: 
    default: ================================================================================
    default:  Package                 Arch        Version                 Repository    Size
    default: ================================================================================
    default: Installing:
    default:  lsof                    x86_64      4.87-6.el7              base         331 k
    default:  unzip                   x86_64      6.0-21.el7              base         171 k
    default:  wget                    x86_64      1.14-18.el7_6.1         base         547 k
    default: Updating:
    default:  curl                    x86_64      7.29.0-59.el7_9.1       updates      271 k
    default: Updating for dependencies:
    default:  libcurl                 x86_64      7.29.0-59.el7_9.1       updates      223 k
    default:  libssh2                 x86_64      1.8.0-4.el7             base          88 k
    default:  nspr                    x86_64      4.25.0-2.el7_9          updates      127 k
    default:  nss                     x86_64      3.53.1-3.el7_9          updates      869 k
    default:  nss-pem                 x86_64      1.0.3-7.el7             base          74 k
    default:  nss-softokn             x86_64      3.53.1-6.el7_9          updates      354 k
    default:  nss-softokn-freebl      x86_64      3.53.1-6.el7_9          updates      322 k
    default:  nss-sysinit             x86_64      3.53.1-3.el7_9          updates       65 k
    default:  nss-tools               x86_64      3.53.1-3.el7_9          updates      535 k
    default:  nss-util                x86_64      3.53.1-1.el7_9          updates       79 k
    default: 
    default: Transaction Summary
    default: ================================================================================
    default: Install  3 Packages
    default: Upgrade  1 Package  (+10 Dependent packages)
    default: 
    default: Total download size: 4.0 M
    default: Downloading packages:
    default: No Presto metadata available for base
    default: No Presto metadata available for updates
    default: http://mirror.serverion.com/centos/7.9.2009/os/x86_64/Packages/unzip-6.0-21.el7.x86_64.rpm: [Errno 14] curl#6 - "Could not resolve host: mirror.serverion.com; Unknown error"
    default: Trying other mirror.
    default: http://mirror.proserve.nl/centos/7.9.2009/os/x86_64/Packages/nss-pem-1.0.3-7.el7.x86_64.rpm: [Errno 14] curl#7 - "Failed to connect to 2001:828:400:955:70::1: Network is unreachable"
    default: Trying other mirror.
    default: --------------------------------------------------------------------------------
    default: Total                                              190 kB/s | 4.0 MB  00:21     
    default: Running transaction check
    default: Running transaction test
    default: Transaction test succeeded
    default: Running transaction
    default:   Updating   : nspr-4.25.0-2.el7_9.x86_64                                  1/25
    default:  
    default:   Updating   : nss-util-3.53.1-1.el7_9.x86_64                              2/25
    default:  
    default:   Updating   : nss-softokn-freebl-3.53.1-6.el7_9.x86_64                    3/25
    default:  
    default:   Updating   : nss-softokn-3.53.1-6.el7_9.x86_64                           4/25
    default:  
    default:   Updating   : nss-sysinit-3.53.1-3.el7_9.x86_64                           5/25
    default:  
    default:   Updating   : nss-pem-1.0.3-7.el7.x86_64                                  6/25
    default:  
    default:   Updating   : nss-3.53.1-3.el7_9.x86_64                                   7/25
    default:  
    default:   Updating   : libssh2-1.8.0-4.el7.x86_64                                  8/25
    default:  
    default:   Updating   : libcurl-7.29.0-59.el7_9.1.x86_64                            9/25
    default:  
    default:   Updating   : curl-7.29.0-59.el7_9.1.x86_64                              10/25
    default:  
    default:   Updating   : nss-tools-3.53.1-3.el7_9.x86_64                            11/25
    default:  
    default:   Installing : wget-1.14-18.el7_6.1.x86_64                                12/25
    default:  
    default:   Installing : unzip-6.0-21.el7.x86_64                                    13/25
    default:  
    default:   Installing : lsof-4.87-6.el7.x86_64                                     14/25
    default:  
    default:   Cleanup    : nss-tools-3.34.0-4.el7.x86_64                              15/25
    default:  
    default:   Cleanup    : curl-7.29.0-46.el7.x86_64                                  16/25
    default:  
    default:   Cleanup    : libcurl-7.29.0-46.el7.x86_64                               17/25
    default:  
    default:   Cleanup    : nss-pem-1.0.3-4.el7.x86_64                                 18/25
    default:  
    default:   Cleanup    : nss-sysinit-3.34.0-4.el7.x86_64                            19/25
    default:  
    default:   Cleanup    : nss-3.34.0-4.el7.x86_64                                    20/25
    default:  
    default:   Cleanup    : nss-softokn-3.34.0-2.el7.x86_64                            21/25
    default:  
    default:   Cleanup    : nss-softokn-freebl-3.34.0-2.el7.x86_64                     22/25
    default:  
    default:   Cleanup    : nss-util-3.34.0-2.el7.x86_64                               23/25
    default:  
    default:   Cleanup    : nspr-4.17.0-1.el7.x86_64                                   24/25
    default:  
    default:   Cleanup    : libssh2-1.4.3-10.el7_2.1.x86_64                            25/25
    default:  
    default:   Verifying  : nss-tools-3.53.1-3.el7_9.x86_64                             1/25
    default:  
    default:   Verifying  : lsof-4.87-6.el7.x86_64                                      2/25
    default:  
    default:   Verifying  : nss-3.53.1-3.el7_9.x86_64                                   3/25
    default:  
    default:   Verifying  : nspr-4.25.0-2.el7_9.x86_64                                  4/25
    default:  
    default:   Verifying  : nss-softokn-3.53.1-6.el7_9.x86_64                           5/25
    default:  
    default:   Verifying  : nss-util-3.53.1-1.el7_9.x86_64                              6/25
    default:  
    default:   Verifying  : libssh2-1.8.0-4.el7.x86_64                                  7/25
    default:  
    default:   Verifying  : nss-sysinit-3.53.1-3.el7_9.x86_64                           8/25
    default:  
    default:   Verifying  : nss-pem-1.0.3-7.el7.x86_64                                  9/25
    default:  
    default:   Verifying  : unzip-6.0-21.el7.x86_64                                    10/25
    default:  
    default:   Verifying  : nss-softokn-freebl-3.53.1-6.el7_9.x86_64                   11/25
    default:  
    default:   Verifying  : libcurl-7.29.0-59.el7_9.1.x86_64                           12/25
    default:  
    default:   Verifying  : curl-7.29.0-59.el7_9.1.x86_64                              13/25
    default:  
    default:   Verifying  : wget-1.14-18.el7_6.1.x86_64                                14/25
    default:  
    default:   Verifying  : nss-sysinit-3.34.0-4.el7.x86_64                            15/25
    default:  
    default:   Verifying  : nss-pem-1.0.3-4.el7.x86_64                                 16/25
    default:  
    default:   Verifying  : curl-7.29.0-46.el7.x86_64                                  17/25
    default:  
    default:   Verifying  : nss-softokn-freebl-3.34.0-2.el7.x86_64                     18/25
    default:  
    default:   Verifying  : libssh2-1.4.3-10.el7_2.1.x86_64                            19/25
    default:  
    default:   Verifying  : libcurl-7.29.0-46.el7.x86_64                               20/25
    default:  
    default:   Verifying  : nspr-4.17.0-1.el7.x86_64                                   21/25
    default:  
    default:   Verifying  : nss-tools-3.34.0-4.el7.x86_64                              22/25
    default:  
    default:   Verifying  : nss-3.34.0-4.el7.x86_64                                    23/25
    default:  
    default:   Verifying  : nss-softokn-3.34.0-2.el7.x86_64                            24/25
    default:  
    default:   Verifying  : nss-util-3.34.0-2.el7.x86_64                               25/25
    default:  
    default: 
    default: Installed:
    default:   lsof.x86_64 0:4.87-6.el7                 unzip.x86_64 0:6.0-21.el7           
    default:   wget.x86_64 0:1.14-18.el7_6.1           
    default: 
    default: Updated:
    default:   curl.x86_64 0:7.29.0-59.el7_9.1                                               
    default: 
    default: Dependency Updated:
    default:   libcurl.x86_64 0:7.29.0-59.el7_9.1                                            
    default:   libssh2.x86_64 0:1.8.0-4.el7                                                  
    default:   nspr.x86_64 0:4.25.0-2.el7_9                                                  
    default:   nss.x86_64 0:3.53.1-3.el7_9                                                   
    default:   nss-pem.x86_64 0:1.0.3-7.el7                                                  
    default:   nss-softokn.x86_64 0:3.53.1-6.el7_9                                           
    default:   nss-softokn-freebl.x86_64 0:3.53.1-6.el7_9                                    
    default:   nss-sysinit.x86_64 0:3.53.1-3.el7_9                                           
    default:   nss-tools.x86_64 0:3.53.1-3.el7_9                                             
    default:   nss-util.x86_64 0:3.53.1-1.el7_9                                              
    default: Complete!
    default: cockroach-v20.2.7.linux-amd64/cockroach
    default: cockroach-v20.2.7.linux-amd64/lib/libgeos.so
    default: cockroach-v20.2.7.linux-amd64/lib/libgeos_c.so
    default: Loaded plugins: fastestmirror
    default: Loading mirror speeds from cached hostfile
    default:  * base: mirror.proserve.nl
    default:  * extras: mirror.proserve.nl
    default:  * updates: mirror.sitbv.nl
    default: Resolving Dependencies
    default: --> Running transaction check
    default: ---> Package epel-release.noarch 0:7-11 will be installed
    default: --> Finished Dependency Resolution
    default: 
    default: Dependencies Resolved
    default: 
    default: ================================================================================
    default:  Package                Arch             Version         Repository        Size
    default: ================================================================================
    default: Installing:
    default:  epel-release           noarch           7-11            extras            15 k
    default: 
    default: Transaction Summary
    default: ================================================================================
    default: Install  1 Package
    default: 
    default: Total download size: 15 k
    default: Installed size: 24 k
    default: Downloading packages:
    default: Running transaction check
    default: Running transaction test
    default: Transaction test succeeded
    default: Running transaction
    default:   Installing : epel-release-7-11.noarch                                     1/1
    default:  
    default:   Verifying  : epel-release-7-11.noarch                                     1/1
    default:  
    default: 
    default: Installed:
    default:   epel-release.noarch 0:7-11                                                    
    default: Complete!
    default: Loaded plugins: fastestmirror
    default: Loading mirror speeds from cached hostfile
    default:  * base: mirror.proserve.nl
    default:  * epel: mirror.serverion.com
    default:  * extras: mirror.proserve.nl
    default:  * updates: mirror.sitbv.nl
    default: https://ftp.wrz.de/pub/fedora-epel/7/x86_64/repodata/b73d9099fea16db59b9727d867185c0091acf206f51331e675a71217bed7d6cb-updateinfo.xml.bz2: [Errno 14] HTTPS Error 404 - Not Found
    default: Trying other mirror.
    default: To address this issue please refer to the below wiki article 
    default: 
    default: https://wiki.centos.org/yum-errors
    default: 
    default: If above article doesn't help to resolve this issue please use https://bugs.centos.org/.
    default: https://mirrors.ukfast.co.uk/sites/dl.fedoraproject.org/pub/epel/7/x86_64/repodata/d885d25778b69eea5006fa9cf23435dd5f66a317876742081174019157dba472-primary.sqlite.bz2: [Errno 14] HTTPS Error 404 - Not Found
    default: Trying other mirror.
    default: Resolving Dependencies
    default: --> Running transaction check
    default: ---> Package ShellCheck.x86_64 0:0.3.8-1.el7 will be installed
    default: --> Processing Dependency: ghc(ShellCheck-0.3.8-d1a7aa838c58150efd69eb3b9c413904) for package: ShellCheck-0.3.8-1.el7.x86_64
    default: --> Processing Dependency: ghc(array-0.4.0.1-3b78425c10ff2dad7acf7e8c8ae014c3) for package: ShellCheck-0.3.8-1.el7.x86_64
    default: --> Processing Dependency: ghc(base-4.6.0.1-8aa5d403c45ea59dcd2c39f123e27d57) for package: ShellCheck-0.3.8-1.el7.x86_64
    default: --> Processing Dependency: ghc(bytestring-0.10.0.2-4f93248f75667c2c3321a7a6761b576f) for package: ShellCheck-0.3.8-1.el7.x86_64
    default: --> Processing Dependency: ghc(containers-0.5.0.0-ab1dae9a94cd3cc84e7b2805636ebfa2) for package: ShellCheck-0.3.8-1.el7.x86_64
    default: --> Processing Dependency: ghc(deepseq-1.3.0.1-5cc4cd89bdc2e8f6db1833d95ec36926) for package: ShellCheck-0.3.8-1.el7.x86_64
    default: --> Processing Dependency: ghc(directory-1.2.0.1-91a788fd88acd7f149f0f10f5f1e23f2) for package: ShellCheck-0.3.8-1.el7.x86_64
    default: --> Processing Dependency: ghc(filepath-1.3.0.1-b12cbe18566fe1532a1fda4c85e31cbe) for package: ShellCheck-0.3.8-1.el7.x86_64
    default: --> Processing Dependency: ghc(ghc-prim-0.3.0.0-d5221a8c8a269b66ab9a07bdc23317dd) for package: ShellCheck-0.3.8-1.el7.x86_64
    default: --> Processing Dependency: ghc(integer-gmp-0.5.0.0-2f15426f5b53fe4c6490832f9b20d8d7) for package: ShellCheck-0.3.8-1.el7.x86_64
    default: --> Processing Dependency: ghc(json-0.7-f33acd6f673691de79a840401bdfebca) for package: ShellCheck-0.3.8-1.el7.x86_64
    default: --> Processing Dependency: ghc(mtl-2.1.2-94c72af955e94b8d7b2f359dadd0cb62) for package: ShellCheck-0.3.8-1.el7.x86_64
    default: --> Processing Dependency: ghc(old-locale-1.0.0.5-6729cb9d9cc62d150655de8fc5401b91) for package: ShellCheck-0.3.8-1.el7.x86_64
    default: --> Processing Dependency: ghc(parsec-3.1.3-6c6e21cb4ed4ef9d58fdf442940b152e) for package: ShellCheck-0.3.8-1.el7.x86_64
    default: --> Processing Dependency: ghc(pretty-1.1.1.0-66181c695e6a2e173ba2088cf55cc396) for package: ShellCheck-0.3.8-1.el7.x86_64
    default: --> Processing Dependency: ghc(regex-base-0.93.2-f9403610b59f8cc474edd63a82806d18) for package: ShellCheck-0.3.8-1.el7.x86_64
    default: --> Processing Dependency: ghc(regex-tdfa-1.1.8-a4710d62e3e3140fab46c3ea204d8204) for package: ShellCheck-0.3.8-1.el7.x86_64
    default: --> Processing Dependency: ghc(syb-0.4.0-c48d52f3188b986ddaa9dd9ae40072f8) for package: ShellCheck-0.3.8-1.el7.x86_64
    default: --> Processing Dependency: ghc(text-0.11.3.1-e38859e86485c167fa7c9441789e7607) for package: ShellCheck-0.3.8-1.el7.x86_64
    default: --> Processing Dependency: ghc(time-1.4.0.1-10dc4804a19dc0000fab79908f1a9f50) for package: ShellCheck-0.3.8-1.el7.x86_64
    default: --> Processing Dependency: ghc(transformers-0.3.0.0-ff2bb6ac67241ebb987351a3db564af0) for package: ShellCheck-0.3.8-1.el7.x86_64
    default: --> Processing Dependency: ghc(unix-2.6.0.1-4f219f792083f70ec440ce406f12ce57) for package: ShellCheck-0.3.8-1.el7.x86_64
    default: --> Processing Dependency: libHSShellCheck-0.3.8-ghc7.6.3.so()(64bit) for package: ShellCheck-0.3.8-1.el7.x86_64
    default: --> Processing Dependency: libHSarray-0.4.0.1-ghc7.6.3.so()(64bit) for package: ShellCheck-0.3.8-1.el7.x86_64
    default: --> Processing Dependency: libHSbase-4.6.0.1-ghc7.6.3.so()(64bit) for package: ShellCheck-0.3.8-1.el7.x86_64
    default: --> Processing Dependency: libHSbytestring-0.10.0.2-ghc7.6.3.so()(64bit) for package: ShellCheck-0.3.8-1.el7.x86_64
    default: --> Processing Dependency: libHScontainers-0.5.0.0-ghc7.6.3.so()(64bit) for package: ShellCheck-0.3.8-1.el7.x86_64
    default: --> Processing Dependency: libHSdeepseq-1.3.0.1-ghc7.6.3.so()(64bit) for package: ShellCheck-0.3.8-1.el7.x86_64
    default: --> Processing Dependency: libHSdirectory-1.2.0.1-ghc7.6.3.so()(64bit) for package: ShellCheck-0.3.8-1.el7.x86_64
    default: --> Processing Dependency: libHSfilepath-1.3.0.1-ghc7.6.3.so()(64bit) for package: ShellCheck-0.3.8-1.el7.x86_64
    default: --> Processing Dependency: libHSghc-prim-0.3.0.0-ghc7.6.3.so()(64bit) for package: ShellCheck-0.3.8-1.el7.x86_64
    default: --> Processing Dependency: libHSinteger-gmp-0.5.0.0-ghc7.6.3.so()(64bit) for package: ShellCheck-0.3.8-1.el7.x86_64
    default: --> Processing Dependency: libHSjson-0.7-ghc7.6.3.so()(64bit) for package: ShellCheck-0.3.8-1.el7.x86_64
    default: --> Processing Dependency: libHSmtl-2.1.2-ghc7.6.3.so()(64bit) for package: ShellCheck-0.3.8-1.el7.x86_64
    default: --> Processing Dependency: libHSold-locale-1.0.0.5-ghc7.6.3.so()(64bit) for package: ShellCheck-0.3.8-1.el7.x86_64
    default: --> Processing Dependency: libHSparsec-3.1.3-ghc7.6.3.so()(64bit) for package: ShellCheck-0.3.8-1.el7.x86_64
    default: --> Processing Dependency: libHSpretty-1.1.1.0-ghc7.6.3.so()(64bit) for package: ShellCheck-0.3.8-1.el7.x86_64
    default: --> Processing Dependency: libHSregex-base-0.93.2-ghc7.6.3.so()(64bit) for package: ShellCheck-0.3.8-1.el7.x86_64
    default: --> Processing Dependency: libHSregex-tdfa-1.1.8-ghc7.6.3.so()(64bit) for package: ShellCheck-0.3.8-1.el7.x86_64
    default: --> Processing Dependency: libHSrts-ghc7.6.3.so()(64bit) for package: ShellCheck-0.3.8-1.el7.x86_64
    default: --> Processing Dependency: libHSsyb-0.4.0-ghc7.6.3.so()(64bit) for package: ShellCheck-0.3.8-1.el7.x86_64
    default: --> Processing Dependency: libHStext-0.11.3.1-ghc7.6.3.so()(64bit) for package: ShellCheck-0.3.8-1.el7.x86_64
    default: --> Processing Dependency: libHStime-1.4.0.1-ghc7.6.3.so()(64bit) for package: ShellCheck-0.3.8-1.el7.x86_64
    default: --> Processing Dependency: libHStransformers-0.3.0.0-ghc7.6.3.so()(64bit) for package: ShellCheck-0.3.8-1.el7.x86_64
    default: --> Processing Dependency: libHSunix-2.6.0.1-ghc7.6.3.so()(64bit) for package: ShellCheck-0.3.8-1.el7.x86_64
    default: --> Running transaction check
    default: ---> Package ghc-ShellCheck.x86_64 0:0.3.8-1.el7 will be installed
    default: ---> Package ghc-array.x86_64 0:0.4.0.1-26.4.el7 will be installed
    default: ---> Package ghc-base.x86_64 0:4.6.0.1-26.4.el7 will be installed
    default: ---> Package ghc-bytestring.x86_64 0:0.10.0.2-26.4.el7 will be installed
    default: ---> Package ghc-containers.x86_64 0:0.5.0.0-26.4.el7 will be installed
    default: ---> Package ghc-deepseq.x86_64 0:1.3.0.1-26.4.el7 will be installed
    default: ---> Package ghc-directory.x86_64 0:1.2.0.1-26.4.el7 will be installed
    default: ---> Package ghc-filepath.x86_64 0:1.3.0.1-26.4.el7 will be installed
    default: ---> Package ghc-json.x86_64 0:0.7-4.el7 will be installed
    default: ---> Package ghc-mtl.x86_64 0:2.1.2-27.el7 will be installed
    default: ---> Package ghc-old-locale.x86_64 0:1.0.0.5-26.4.el7 will be installed
    default: ---> Package ghc-parsec.x86_64 0:3.1.3-31.el7 will be installed
    default: ---> Package ghc-pretty.x86_64 0:1.1.1.0-26.4.el7 will be installed
    default: ---> Package ghc-regex-base.x86_64 0:0.93.2-29.el7 will be installed
    default: ---> Package ghc-regex-tdfa.x86_64 0:1.1.8-11.el7 will be installed
    default: ---> Package ghc-syb.x86_64 0:0.4.0-35.el7 will be installed
    default: ---> Package ghc-text.x86_64 0:0.11.3.1-2.el7 will be installed
    default: ---> Package ghc-time.x86_64 0:1.4.0.1-26.4.el7 will be installed
    default: ---> Package ghc-transformers.x86_64 0:0.3.0.0-34.el7 will be installed
    default: ---> Package ghc-unix.x86_64 0:2.6.0.1-26.4.el7 will be installed
    default: --> Finished Dependency Resolution
    default: 
    default: Dependencies Resolved
    default: 
    default: ================================================================================
    default:  Package                Arch         Version                   Repository  Size
    default: ================================================================================
    default: Installing:
    default:  ShellCheck             x86_64       0.3.8-1.el7               epel       512 k
    default: Installing for dependencies:
    default:  ghc-ShellCheck         x86_64       0.3.8-1.el7               epel       555 k
    default:  ghc-array              x86_64       0.4.0.1-26.4.el7          epel       113 k
    default:  ghc-base               x86_64       4.6.0.1-26.4.el7          epel       1.6 M
    default:  ghc-bytestring         x86_64       0.10.0.2-26.4.el7         epel       182 k
    default:  ghc-containers         x86_64       0.5.0.0-26.4.el7          epel       287 k
    default:  ghc-deepseq            x86_64       1.3.0.1-26.4.el7          epel        45 k
    default:  ghc-directory          x86_64       1.2.0.1-26.4.el7          epel        59 k
    default:  ghc-filepath           x86_64       1.3.0.1-26.4.el7          epel        60 k
    default:  ghc-json               x86_64       0.7-4.el7                 epel        96 k
    default:  ghc-mtl                x86_64       2.1.2-27.el7              epel        33 k
    default:  ghc-old-locale         x86_64       1.0.0.5-26.4.el7          epel        50 k
    default:  ghc-parsec             x86_64       3.1.3-31.el7              epel       105 k
    default:  ghc-pretty             x86_64       1.1.1.0-26.4.el7          epel        57 k
    default:  ghc-regex-base         x86_64       0.93.2-29.el7             epel        28 k
    default:  ghc-regex-tdfa         x86_64       1.1.8-11.el7              epel       553 k
    default:  ghc-syb                x86_64       0.4.0-35.el7              epel        39 k
    default:  ghc-text               x86_64       0.11.3.1-2.el7            epel       379 k
    default:  ghc-time               x86_64       1.4.0.1-26.4.el7          epel       187 k
    default:  ghc-transformers       x86_64       0.3.0.0-34.el7            epel       100 k
    default:  ghc-unix               x86_64       2.6.0.1-26.4.el7          epel       160 k
    default: 
    default: Transaction Summary
    default: ================================================================================
    default: Install  1 Package (+20 Dependent packages)
    default: Total download size: 5.1 M
    default: Installed size: 34 M
    default: Downloading packages:
    default: warning: /var/cache/yum/x86_64/7/epel/packages/ghc-array-0.4.0.1-26.4.el7.x86_64.rpm: Header V3 RSA/SHA256 Signature, key ID 352c64e5: NOKEY
    default: Public key for ghc-array-0.4.0.1-26.4.el7.x86_64.rpm is not installed
    default: --------------------------------------------------------------------------------
    default: Total                                              2.1 MB/s | 5.1 MB  00:02     
    default: Retrieving key from file:///etc/pki/rpm-gpg/RPM-GPG-KEY-EPEL-7
    default: Importing GPG key 0x352C64E5:
    default:  Userid     : "Fedora EPEL (7) <epel@fedoraproject.org>"
    default:  Fingerprint: 91e9 7d7c 4a5e 96f1 7f3e 888f 6a2f aea2 352c 64e5
    default:  Package    : epel-release-7-11.noarch (@extras)
    default:  From       : /etc/pki/rpm-gpg/RPM-GPG-KEY-EPEL-7
    default: Running transaction check
    default: Running transaction test
    default: Transaction test succeeded
    default: Running transaction
    default:   Installing : ghc-base-4.6.0.1-26.4.el7.x86_64                            1/21
    default:  
    default:   Installing : ghc-array-0.4.0.1-26.4.el7.x86_64                           2/21
    default:  
    default:   Installing : ghc-deepseq-1.3.0.1-26.4.el7.x86_64                         3/21
    default:  
    default:   Installing : ghc-bytestring-0.10.0.2-26.4.el7.x86_64                     4/21
    default:  
    default:   Installing : ghc-transformers-0.3.0.0-34.el7.x86_64                      5/21
    default:  
    default:   Installing : ghc-mtl-2.1.2-27.el7.x86_64                                 6/21
    default:  
    default:   Installing : ghc-text-0.11.3.1-2.el7.x86_64                              7/21
    default:  
    default:   Installing : ghc-containers-0.5.0.0-26.4.el7.x86_64                      8/21
    default:  
    default:   Installing : ghc-old-locale-1.0.0.5-26.4.el7.x86_64                      9/21
    default:  
    default:   Installing : ghc-time-1.4.0.1-26.4.el7.x86_64                           10/21
    default:  
    default:   Installing : ghc-parsec-3.1.3-31.el7.x86_64                             11/21
    default:  
    default:   Installing : ghc-unix-2.6.0.1-26.4.el7.x86_64                           12/21
    default:  
    default:   Installing : ghc-regex-base-0.93.2-29.el7.x86_64                        13/21
    default:  
    default:   Installing : ghc-syb-0.4.0-35.el7.x86_64                                14/21
    default:  
    default:   Installing : ghc-pretty-1.1.1.0-26.4.el7.x86_64                         15/21
    default:  
    default:   Installing : ghc-filepath-1.3.0.1-26.4.el7.x86_64                       16/21
    default:  
    default:   Installing : ghc-directory-1.2.0.1-26.4.el7.x86_64                      17/21
    default:  
    default:   Installing : ghc-json-0.7-4.el7.x86_64                                  18/21
    default:  
    default:   Installing : ghc-regex-tdfa-1.1.8-11.el7.x86_64                         19/21
    default:  
    default:   Installing : ghc-ShellCheck-0.3.8-1.el7.x86_64                          20/21
    default:  
    default:   Installing : ShellCheck-0.3.8-1.el7.x86_64                              21/21
    default:  
    default:   Verifying  : ghc-unix-2.6.0.1-26.4.el7.x86_64                            1/21
    default:  
    default:   Verifying  : ghc-transformers-0.3.0.0-34.el7.x86_64                      2/21
    default:  
    default:   Verifying  : ghc-array-0.4.0.1-26.4.el7.x86_64                           3/21
    default:  
    default:   Verifying  : ShellCheck-0.3.8-1.el7.x86_64                               4/21
    default:  
    default:   Verifying  : ghc-regex-tdfa-1.1.8-11.el7.x86_64                          5/21
    default:  
    default:   Verifying  : ghc-mtl-2.1.2-27.el7.x86_64                                 6/21
    default:  
    default:   Verifying  : ghc-syb-0.4.0-35.el7.x86_64                                 7/21
    default:  
    default:   Verifying  : ghc-ShellCheck-0.3.8-1.el7.x86_64                           8/21
    default:  
    default:   Verifying  : ghc-pretty-1.1.1.0-26.4.el7.x86_64                          9/21
    default:  
    default:   Verifying  : ghc-json-0.7-4.el7.x86_64                                  10/21
    default:  
    default:   Verifying  : ghc-old-locale-1.0.0.5-26.4.el7.x86_64                     11/21
    default:  
    default:   Verifying  : ghc-directory-1.2.0.1-26.4.el7.x86_64                      12/21
    default:  
    default:   Verifying  : ghc-parsec-3.1.3-31.el7.x86_64                             13/21
    default:  
    default:   Verifying  : ghc-text-0.11.3.1-2.el7.x86_64                             14/21
    default:  
    default:   Verifying  : ghc-deepseq-1.3.0.1-26.4.el7.x86_64                        15/21
    default:  
    default:   Verifying  : ghc-base-4.6.0.1-26.4.el7.x86_64                           16/21
    default:  
    default:   Verifying  : ghc-containers-0.5.0.0-26.4.el7.x86_64                     17/21
    default:  
    default:   Verifying  : ghc-time-1.4.0.1-26.4.el7.x86_64                           18/21
    default:  
    default:   Verifying  : ghc-filepath-1.3.0.1-26.4.el7.x86_64                       19/21
    default:  
    default:   Verifying  : ghc-bytestring-0.10.0.2-26.4.el7.x86_64                    20/21
    default:  
    default:   Verifying  : ghc-regex-base-0.93.2-29.el7.x86_64                        21/21
    default:  
    default: 
    default: Installed:
    default:   ShellCheck.x86_64 0:0.3.8-1.el7                                               
    default: 
    default: Dependency Installed:
    default:   ghc-ShellCheck.x86_64 0:0.3.8-1.el7                                           
    default:   ghc-array.x86_64 0:0.4.0.1-26.4.el7                                           
    default:   ghc-base.x86_64 0:4.6.0.1-26.4.el7                                            
    default:   ghc-bytestring.x86_64 0:0.10.0.2-26.4.el7                                     
    default:   ghc-containers.x86_64 0:0.5.0.0-26.4.el7                                      
    default:   ghc-deepseq.x86_64 0:1.3.0.1-26.4.el7                                         
    default:   ghc-directory.x86_64 0:1.2.0.1-26.4.el7                                       
    default:   ghc-filepath.x86_64 0:1.3.0.1-26.4.el7                                        
    default:   ghc-json.x86_64 0:0.7-4.el7                                                   
    default:   ghc-mtl.x86_64 0:2.1.2-27.el7                                                 
    default:   ghc-old-locale.x86_64 0:1.0.0.5-26.4.el7                                      
    default:   ghc-parsec.x86_64 0:3.1.3-31.el7                                              
    default:   ghc-pretty.x86_64 0:1.1.1.0-26.4.el7                                          
    default:   ghc-regex-base.x86_64 0:0.93.2-29.el7                                         
    default:   ghc-regex-tdfa.x86_64 0:1.1.8-11.el7                                          
    default:   ghc-syb.x86_64 0:0.4.0-35.el7                                                 
    default:   ghc-text.x86_64 0:0.11.3.1-2.el7                                              
    default:   ghc-time.x86_64 0:1.4.0.1-26.4.el7                                            
    default:   ghc-transformers.x86_64 0:0.3.0.0-34.el7                                      
    default:   ghc-unix.x86_64